<?xml version="1.0" encoding="UTF-8"?>
<!-- Generated by org.testng.reporters.JUnitReportReporter -->
<testsuite hostname="DESKTOP-F9J01IG" failures="0" tests="1" name="testCases.GetAllAccounts" time="3.683" errors="0" timestamp="18 Sep 2024 05:14:10 GMT" skipped="0">
  <testcase classname="testCases.GetAllAccounts" name="getAllAccounts" time="3.683"/>
</testsuite> <!-- testCases.GetAllAccounts -->
