<?xml version="1.0" encoding="UTF-8"?>
<!-- Generated by org.testng.reporters.JUnitReportReporter -->
<testsuite hostname="DESKTOP-F9J01IG" failures="0" tests="1" name="testCases.GetSingleAccountInfo" time="4.274" errors="0" timestamp="18 Sep 2024 05:54:16 GMT" skipped="0">
  <testcase classname="testCases.GetSingleAccountInfo" name="getSingleAccountInfo" time="4.274"/>
</testsuite> <!-- testCases.GetSingleAccountInfo -->
