<?xml version="1.0" encoding="UTF-8"?>
<!-- Generated by org.testng.reporters.JUnitReportReporter -->
<testsuite hostname="DESKTOP-F9J01IG" failures="0" tests="3" name="testCases.CreateAccount" time="8.737" errors="0" timestamp="18 Sep 2024 16:17:07 GMT" skipped="0">
  <testcase classname="testCases.CreateAccount" name="createAccount" time="4.990"/>
  <testcase classname="testCases.CreateAccount" name="getAllAccounts" time="1.771"/>
  <testcase classname="testCases.CreateAccount" name="getSingleAccountInfo" time="1.976"/>
</testsuite> <!-- testCases.CreateAccount -->
