<?xml version="1.0" encoding="UTF-8"?>
<!-- Generated by org.testng.reporters.JUnitReportReporter -->
<testsuite hostname="DESKTOP-F9J01IG" failures="0" tests="1" name="testCases.Authentication" time="4.637" errors="0" timestamp="18 Sep 2024 04:20:01 GMT" skipped="0">
  <testcase classname="testCases.Authentication" name="authentication" time="4.637"/>
</testsuite> <!-- testCases.Authentication -->
