<?xml version="1.0" encoding="UTF-8"?>
<!-- Generated by org.testng.reporters.JUnitReportReporter -->
<testsuite hostname="DESKTOP-F9J01IG" failures="0" tests="2" name="testCases.UpdateAccount" time="7.210" errors="0" timestamp="18 Sep 2024 17:13:40 GMT" skipped="0">
  <testcase classname="testCases.UpdateAccount" name="updateAccount" time="5.352"/>
  <testcase classname="testCases.UpdateAccount" name="getSingleAccountInfo" time="1.858"/>
</testsuite> <!-- testCases.UpdateAccount -->
